[       0ms] [WARNING] document.domain mutation is ignored because the surrounding agent cluster is origin-keyed. @ https://medium.com/m/signin?operation=login&redirect=https%3A%2F%2Ffabiokaia25.medium.com%2F1e8606b10939%3Fsource%3Dpost_page--------------------------------------------&isDraft=1:52
[      72ms] [LOG] 
    :#@@@@@@@@@@@@@@@@@@@@@@@@@@@@@@@@@@@@@@@@@@@*:
   :#@@@@@@@@@@@@@@@@@@@@@@@@@@@@@@@@@@@@@@@@@@@@@@@+
  #@@@@@@@@@@@@@@@@@@@@@@@@@@@@@@@@@@@@@@@@@@@@@@@@@@@+
  %@@@@@@@@@#-:::::::%@@@@@@@@@@@@@@-::::::=#@@@@@@@@@+
  %@@@@@@@@@@@:.    .:@@@@@@@@@@@@@+..    -@@@@@@@@@@@+
  %@@@@@@@@@@@:...   .-@@@@@@@@@@@#.-.    =@@@@@@@@@@@+
  %@@@@@@@@@@@:=-..   .*@@@@@@@@@@:=+.    =@@@@@@@@@@%+
  %@@@@@@@@@@@:=@:..   .%@@@@@@@@::@+.    =@@@@@@*:.:-:
  %@@@@@@@@@@@:=@@..    .@@@@@@@=.@@*.    =@@@@=...%@@+
  %@@@@@@@@@@@:=@@#..   .:@@@@@*.%@@*.    =@@@:...*@@@+
  %@@@@@@@@@@@:=@@@+.    .=@@@%.*@@@*.    =@@=....@@@@+
  %@@@@@@@@@@@:=@@@@-..   .*@@:=@@@@*.   .=@@.. ..++++-
  %@@@@@@@@@@@:=@@@@@:..   .%-:@@@@@*.   .=@#.   -@@@@+
  %@@@@@@@@@@@:=@@@@@%..     .@@@@@@*.   .=@#.. ..%@@@+
  %@@@@@@@@@@@:=@@@@@@*..   .%@@@@@@*.   .=@@:.  .:@@@+
  %@@@@@@@@@@@:=@@@@@@@=.. .*@@@@@@@*.   .=@@+... ..+@+
  %@@@@@@@@@@@:=@@@@@@@@:..-@@@@@@@@*.   .=@@@=..   ...
  %@@@@@@@@@@#.:%@@@@@@@@.:@@@@@@@@@-.....:%@@@*:.... 
  %@@@@@@@@@*****#@@@@@@@%@@@@@@@@#+++++++++*@@@@%+-:::
  #@@@@@@@@@@@@@@@@@@@@@@@@@@@@@@@@@@@@@@@@@@@@@@@@@@@+
  *@@@@@@@@@@@@@@@@@@@@@@@@@@@@@@@@@@@@@@@@@@@@@@@@@@@=
     :#@@@@@@@@@@@@@@@@@@@@@@@@@@@@@@@@@@@@@@@@@@@*:
 @ https://cdn-client.medium.com/lite/static/js/main.cb7005a8.js:1
[      72ms] [LOG] We're hiring! https://medium.com/jobs-at-medium/work-at-medium-959d1a85284e @ https://cdn-client.medium.com/lite/static/js/main.cb7005a8.js:1
